<?xml version="1.0" encoding="UTF-8"?>
<coverage generated="1786093625491" clover="3.2.0">
  <project timestamp="1786093625491" name="All files">
    <metrics statements="35" coveredstatements="34" conditionals="50" coveredconditionals="50" methods="17" coveredmethods="16" elements="102" coveredelements="100" complexity="0" loc="35" ncloc="35" packages="5" files="9" classes="9"/>
    <package name="features.requests.schemas">
      <metrics statements="1" coveredstatements="1" conditionals="0" coveredconditionals="0" methods="0" coveredmethods="0"/>
      <file name="requestSchema.ts" path="C:\Users\TharinduGodage\Front-End Dev\deskline\src\features\requests\schemas\requestSchema.ts">
        <metrics statements="1" coveredstatements="1" conditionals="0" coveredconditionals="0" methods="0" coveredmethods="0"/>
        <line num="4" count="1" type="stmt"/>
      </file>
    </package>
    <package name="features.requests.utils">
      <metrics statements="7" coveredstatements="7" conditionals="17" coveredconditionals="17" methods="2" coveredmethods="2"/>
      <file name="filterRequests.ts" path="C:\Users\TharinduGodage\Front-End Dev\deskline\src\features\requests\utils\filterRequests.ts">
        <metrics statements="7" coveredstatements="7" conditionals="17" coveredconditionals="17" methods="2" coveredmethods="2"/>
        <line num="9" count="10" type="stmt"/>
        <line num="11" count="30" type="stmt"/>
        <line num="16" count="30" type="cond" truecount="2" falsecount="0"/>
        <line num="20" count="30" type="cond" truecount="2" falsecount="0"/>
        <line num="24" count="30" type="cond" truecount="2" falsecount="0"/>
        <line num="28" count="30" type="cond" truecount="6" falsecount="0"/>
        <line num="35" count="30" type="stmt"/>
      </file>
    </package>
    <package name="shared.lib">
      <metrics statements="16" coveredstatements="15" conditionals="27" coveredconditionals="27" methods="14" coveredmethods="13"/>
      <file name="permissions.ts" path="C:\Users\TharinduGodage\Front-End Dev\deskline\src\shared\lib\permissions.ts">
        <metrics statements="16" coveredstatements="15" conditionals="27" coveredconditionals="27" methods="14" coveredmethods="13"/>
        <line num="7" count="2" type="stmt"/>
        <line num="13" count="2" type="stmt"/>
        <line num="19" count="2" type="stmt"/>
        <line num="25" count="3" type="stmt"/>
        <line num="34" count="2" type="stmt"/>
        <line num="43" count="3" type="stmt"/>
        <line num="49" count="2" type="stmt"/>
        <line num="58" count="3" type="stmt"/>
        <line num="68" count="4" type="stmt"/>
        <line num="78" count="3" type="cond" truecount="3" falsecount="0"/>
        <line num="88" count="0" type="stmt"/>
        <line num="97" count="2" type="stmt"/>
        <line num="111" count="7" type="cond" truecount="3" falsecount="0"/>
        <line num="116" count="7" type="cond" truecount="2" falsecount="0"/>
        <line num="119" count="7" type="stmt"/>
        <line num="130" count="3" type="stmt"/>
      </file>
    </package>
    <package name="shared.mappers">
      <metrics statements="7" coveredstatements="7" conditionals="6" coveredconditionals="6" methods="1" coveredmethods="1"/>
      <file name="errorMapper.ts" path="C:\Users\TharinduGodage\Front-End Dev\deskline\src\shared\mappers\errorMapper.ts">
        <metrics statements="7" coveredstatements="7" conditionals="6" coveredconditionals="6" methods="1" coveredmethods="1"/>
        <line num="9" count="7" type="cond" truecount="6" falsecount="0"/>
        <line num="11" count="1" type="stmt"/>
        <line num="18" count="1" type="stmt"/>
        <line num="25" count="1" type="stmt"/>
        <line num="32" count="1" type="stmt"/>
        <line num="39" count="1" type="stmt"/>
        <line num="46" count="2" type="stmt"/>
      </file>
    </package>
    <package name="shared.types">
      <metrics statements="4" coveredstatements="4" conditionals="0" coveredconditionals="0" methods="0" coveredmethods="0"/>
      <file name="filters.ts" path="C:\Users\TharinduGodage\Front-End Dev\deskline\src\shared\types\filters.ts">
        <metrics statements="4" coveredstatements="4" conditionals="0" coveredconditionals="0" methods="0" coveredmethods="0"/>
        <line num="20" count="1" type="stmt"/>
        <line num="28" count="1" type="stmt"/>
        <line num="35" count="1" type="stmt"/>
        <line num="43" count="1" type="stmt"/>
      </file>
      <file name="index.ts" path="C:\Users\TharinduGodage\Front-End Dev\deskline\src\shared\types\index.ts">
        <metrics statements="0" coveredstatements="0" conditionals="0" coveredconditionals="0" methods="0" coveredmethods="0"/>
      </file>
      <file name="message.ts" path="C:\Users\TharinduGodage\Front-End Dev\deskline\src\shared\types\message.ts">
        <metrics statements="0" coveredstatements="0" conditionals="0" coveredconditionals="0" methods="0" coveredmethods="0"/>
      </file>
      <file name="request.ts" path="C:\Users\TharinduGodage\Front-End Dev\deskline\src\shared\types\request.ts">
        <metrics statements="0" coveredstatements="0" conditionals="0" coveredconditionals="0" methods="0" coveredmethods="0"/>
      </file>
      <file name="user.ts" path="C:\Users\TharinduGodage\Front-End Dev\deskline\src\shared\types\user.ts">
        <metrics statements="0" coveredstatements="0" conditionals="0" coveredconditionals="0" methods="0" coveredmethods="0"/>
      </file>
    </package>
  </project>
</coverage>
