{"C:\\Users\\TharinduGodage\\Front-End Dev\\deskline\\src\\features\\requests\\schemas\\requestSchema.ts": {"path":"C:\\Users\\TharinduGodage\\Front-End Dev\\deskline\\src\\features\\requests\\schemas\\requestSchema.ts","statementMap":{"0":{"start":{"line":4,"column":2},"end":{"line":32,"column":null}}},"fnMap":{},"branchMap":{},"s":{"0":1},"f":{},"b":{},"meta":{"lastBranch":0,"lastFunction":0,"lastStatement":1,"seen":{"s:4:2:32:Infinity":0},"fnNames":{}}}
,"C:\\Users\\TharinduGodage\\Front-End Dev\\deskline\\src\\features\\requests\\utils\\filterRequests.ts": {"path":"C:\\Users\\TharinduGodage\\Front-End Dev\\deskline\\src\\features\\requests\\utils\\filterRequests.ts","statementMap":{"0":{"start":{"line":9,"column":2},"end":{"line":42,"column":null}},"1":{"start":{"line":11,"column":6},"end":{"line":13,"column":null}},"2":{"start":{"line":16,"column":6},"end":{"line":17,"column":null}},"3":{"start":{"line":20,"column":6},"end":{"line":21,"column":null}},"4":{"start":{"line":24,"column":6},"end":{"line":25,"column":null}},"5":{"start":{"line":28,"column":6},"end":{"line":33,"column":null}},"6":{"start":{"line":35,"column":4},"end":{"line":40,"column":null}}},"fnMap":{"0":{"name":"filterRequests","decl":{"start":{"line":4,"column":16},"end":{"line":4,"column":null}},"loc":{"start":{"line":8,"column":2},"end":{"line":43,"column":null}},"line":8},"1":{"name":"(anonymous_1)","decl":{"start":{"line":9,"column":18},"end":{"line":9,"column":26}},"loc":{"start":{"line":9,"column":38},"end":{"line":42,"column":3}},"line":9}},"branchMap":{"0":{"loc":{"start":{"line":16,"column":6},"end":{"line":17,"column":null}},"type":"binary-expr","locations":[{"start":{"line":16,"column":6},"end":{"line":16,"column":null}},{"start":{"line":17,"column":6},"end":{"line":17,"column":null}}],"line":16},"1":{"loc":{"start":{"line":20,"column":6},"end":{"line":21,"column":null}},"type":"binary-expr","locations":[{"start":{"line":20,"column":6},"end":{"line":20,"column":null}},{"start":{"line":21,"column":6},"end":{"line":21,"column":null}}],"line":20},"2":{"loc":{"start":{"line":24,"column":6},"end":{"line":25,"column":null}},"type":"binary-expr","locations":[{"start":{"line":24,"column":6},"end":{"line":24,"column":null}},{"start":{"line":25,"column":6},"end":{"line":25,"column":null}}],"line":24},"3":{"loc":{"start":{"line":28,"column":6},"end":{"line":33,"column":null}},"type":"binary-expr","locations":[{"start":{"line":28,"column":6},"end":{"line":28,"column":null}},{"start":{"line":29,"column":6},"end":{"line":29,"column":null}},{"start":{"line":30,"column":7},"end":{"line":30,"column":null}},{"start":{"line":31,"column":8},"end":{"line":31,"column":null}},{"start":{"line":32,"column":7},"end":{"line":32,"column":null}},{"start":{"line":33,"column":8},"end":{"line":33,"column":null}}],"line":28},"4":{"loc":{"start":{"line":36,"column":6},"end":{"line":40,"column":null}},"type":"binary-expr","locations":[{"start":{"line":36,"column":6},"end":{"line":36,"column":null}},{"start":{"line":37,"column":6},"end":{"line":37,"column":null}},{"start":{"line":38,"column":6},"end":{"line":38,"column":null}},{"start":{"line":39,"column":6},"end":{"line":39,"column":null}},{"start":{"line":40,"column":6},"end":{"line":40,"column":null}}],"line":36}},"s":{"0":10,"1":30,"2":30,"3":30,"4":30,"5":30,"6":30},"f":{"0":10,"1":30},"b":{"0":[30,6],"1":[30,6],"2":[30,6],"3":[30,30,9,3,8,6],"4":[30,21,19,17,16]},"meta":{"lastBranch":5,"lastFunction":2,"lastStatement":7,"seen":{"f:4:16:4:Infinity":0,"s:9:2:42:Infinity":0,"f:9:18:9:26":1,"s:11:6:13:Infinity":1,"s:16:6:17:Infinity":2,"b:16:6:16:Infinity:17:6:17:Infinity":0,"s:20:6:21:Infinity":3,"b:20:6:20:Infinity:21:6:21:Infinity":1,"s:24:6:25:Infinity":4,"b:24:6:24:Infinity:25:6:25:Infinity":2,"s:28:6:33:Infinity":5,"b:28:6:28:Infinity:29:6:29:Infinity:30:7:30:Infinity:31:8:31:Infinity:32:7:32:Infinity:33:8:33:Infinity":3,"s:35:4:40:Infinity":6,"b:36:6:36:Infinity:37:6:37:Infinity:38:6:38:Infinity:39:6:39:Infinity:40:6:40:Infinity":4},"fnNames":{}}}
,"C:\\Users\\TharinduGodage\\Front-End Dev\\deskline\\src\\shared\\lib\\permissions.ts": {"path":"C:\\Users\\TharinduGodage\\Front-End Dev\\deskline\\src\\shared\\lib\\permissions.ts","statementMap":{"0":{"start":{"line":7,"column":2},"end":{"line":7,"column":null}},"1":{"start":{"line":13,"column":2},"end":{"line":13,"column":null}},"2":{"start":{"line":19,"column":2},"end":{"line":19,"column":null}},"3":{"start":{"line":25,"column":2},"end":{"line":27,"column":null}},"4":{"start":{"line":34,"column":2},"end":{"line":36,"column":null}},"5":{"start":{"line":43,"column":2},"end":{"line":43,"column":null}},"6":{"start":{"line":49,"column":2},"end":{"line":51,"column":null}},"7":{"start":{"line":58,"column":2},"end":{"line":60,"column":null}},"8":{"start":{"line":68,"column":2},"end":{"line":70,"column":null}},"9":{"start":{"line":78,"column":2},"end":{"line":81,"column":null}},"10":{"start":{"line":88,"column":2},"end":{"line":88,"column":null}},"11":{"start":{"line":97,"column":2},"end":{"line":100,"column":null}},"12":{"start":{"line":111,"column":4},"end":{"line":113,"column":null}},"13":{"start":{"line":116,"column":4},"end":{"line":117,"column":null}},"14":{"start":{"line":119,"column":2},"end":{"line":121,"column":null}},"15":{"start":{"line":130,"column":2},"end":{"line":133,"column":null}}},"fnMap":{"0":{"name":"isRequester","decl":{"start":{"line":4,"column":16},"end":{"line":4,"column":null}},"loc":{"start":{"line":6,"column":2},"end":{"line":8,"column":null}},"line":6},"1":{"name":"isTechnician","decl":{"start":{"line":10,"column":16},"end":{"line":10,"column":null}},"loc":{"start":{"line":12,"column":2},"end":{"line":14,"column":null}},"line":12},"2":{"name":"isAdmin","decl":{"start":{"line":16,"column":16},"end":{"line":16,"column":null}},"loc":{"start":{"line":18,"column":2},"end":{"line":20,"column":null}},"line":18},"3":{"name":"isStaff","decl":{"start":{"line":22,"column":16},"end":{"line":22,"column":null}},"loc":{"start":{"line":24,"column":2},"end":{"line":29,"column":null}},"line":24},"4":{"name":"canViewQueue","decl":{"start":{"line":31,"column":16},"end":{"line":31,"column":null}},"loc":{"start":{"line":33,"column":2},"end":{"line":38,"column":null}},"line":33},"5":{"name":"canCreateRequest","decl":{"start":{"line":40,"column":16},"end":{"line":40,"column":null}},"loc":{"start":{"line":42,"column":2},"end":{"line":44,"column":null}},"line":42},"6":{"name":"canSetPending","decl":{"start":{"line":46,"column":16},"end":{"line":46,"column":null}},"loc":{"start":{"line":48,"column":2},"end":{"line":53,"column":null}},"line":48},"7":{"name":"canAssignToMe","decl":{"start":{"line":55,"column":16},"end":{"line":55,"column":null}},"loc":{"start":{"line":57,"column":2},"end":{"line":62,"column":null}},"line":57},"8":{"name":"canCloseRequest","decl":{"start":{"line":64,"column":16},"end":{"line":64,"column":null}},"loc":{"start":{"line":67,"column":2},"end":{"line":72,"column":null}},"line":67},"9":{"name":"canReopenRequest","decl":{"start":{"line":74,"column":16},"end":{"line":74,"column":null}},"loc":{"start":{"line":77,"column":2},"end":{"line":83,"column":null}},"line":77},"10":{"name":"canReassign","decl":{"start":{"line":85,"column":16},"end":{"line":85,"column":null}},"loc":{"start":{"line":87,"column":2},"end":{"line":89,"column":null}},"line":87},"11":{"name":"canCancelRequest","decl":{"start":{"line":91,"column":16},"end":{"line":91,"column":null}},"loc":{"start":{"line":96,"column":2},"end":{"line":102,"column":null}},"line":96},"12":{"name":"canComment","decl":{"start":{"line":104,"column":16},"end":{"line":104,"column":null}},"loc":{"start":{"line":109,"column":2},"end":{"line":123,"column":null}},"line":109},"13":{"name":"canViewRequest","decl":{"start":{"line":125,"column":16},"end":{"line":125,"column":null}},"loc":{"start":{"line":129,"column":2},"end":{"line":135,"column":null}},"line":129}},"branchMap":{"0":{"loc":{"start":{"line":26,"column":4},"end":{"line":27,"column":null}},"type":"binary-expr","locations":[{"start":{"line":26,"column":4},"end":{"line":26,"column":null}},{"start":{"line":27,"column":4},"end":{"line":27,"column":null}}],"line":26},"1":{"loc":{"start":{"line":35,"column":4},"end":{"line":36,"column":null}},"type":"binary-expr","locations":[{"start":{"line":35,"column":4},"end":{"line":35,"column":null}},{"start":{"line":36,"column":4},"end":{"line":36,"column":null}}],"line":35},"2":{"loc":{"start":{"line":50,"column":4},"end":{"line":51,"column":null}},"type":"binary-expr","locations":[{"start":{"line":50,"column":4},"end":{"line":50,"column":null}},{"start":{"line":51,"column":4},"end":{"line":51,"column":null}}],"line":50},"3":{"loc":{"start":{"line":59,"column":4},"end":{"line":60,"column":null}},"type":"binary-expr","locations":[{"start":{"line":59,"column":4},"end":{"line":59,"column":null}},{"start":{"line":60,"column":4},"end":{"line":60,"column":null}}],"line":59},"4":{"loc":{"start":{"line":69,"column":4},"end":{"line":70,"column":null}},"type":"binary-expr","locations":[{"start":{"line":69,"column":4},"end":{"line":69,"column":null}},{"start":{"line":70,"column":5},"end":{"line":70,"column":26}},{"start":{"line":70,"column":26},"end":{"line":70,"column":null}}],"line":69},"5":{"loc":{"start":{"line":78,"column":2},"end":{"line":81,"column":null}},"type":"binary-expr","locations":[{"start":{"line":79,"column":5},"end":{"line":79,"column":null}},{"start":{"line":80,"column":6},"end":{"line":80,"column":null}},{"start":{"line":81,"column":4},"end":{"line":81,"column":null}}],"line":78},"6":{"loc":{"start":{"line":98,"column":4},"end":{"line":100,"column":null}},"type":"binary-expr","locations":[{"start":{"line":98,"column":4},"end":{"line":98,"column":null}},{"start":{"line":99,"column":4},"end":{"line":99,"column":null}},{"start":{"line":100,"column":4},"end":{"line":100,"column":null}}],"line":98},"7":{"loc":{"start":{"line":111,"column":4},"end":{"line":113,"column":null}},"type":"binary-expr","locations":[{"start":{"line":111,"column":4},"end":{"line":111,"column":null}},{"start":{"line":112,"column":4},"end":{"line":112,"column":null}},{"start":{"line":113,"column":4},"end":{"line":113,"column":null}}],"line":111},"8":{"loc":{"start":{"line":116,"column":4},"end":{"line":117,"column":null}},"type":"binary-expr","locations":[{"start":{"line":116,"column":4},"end":{"line":116,"column":null}},{"start":{"line":117,"column":4},"end":{"line":117,"column":null}}],"line":116},"9":{"loc":{"start":{"line":120,"column":4},"end":{"line":121,"column":null}},"type":"binary-expr","locations":[{"start":{"line":120,"column":4},"end":{"line":120,"column":null}},{"start":{"line":121,"column":4},"end":{"line":121,"column":null}}],"line":120},"10":{"loc":{"start":{"line":131,"column":4},"end":{"line":133,"column":null}},"type":"binary-expr","locations":[{"start":{"line":131,"column":4},"end":{"line":131,"column":null}},{"start":{"line":132,"column":4},"end":{"line":132,"column":null}},{"start":{"line":133,"column":4},"end":{"line":133,"column":null}}],"line":131}},"s":{"0":2,"1":2,"2":2,"3":3,"4":2,"5":3,"6":2,"7":3,"8":4,"9":3,"10":0,"11":2,"12":7,"13":7,"14":7,"15":3},"f":{"0":2,"1":2,"2":2,"3":3,"4":2,"5":3,"6":2,"7":3,"8":4,"9":3,"10":0,"11":2,"12":7,"13":3},"b":{"0":[3,2],"1":[2,1],"2":[2,1],"3":[3,2],"4":[4,2,1],"5":[3,2,2],"6":[2,2,1],"7":[7,6,2],"8":[7,3],"9":[7,6],"10":[3,2,2]},"meta":{"lastBranch":11,"lastFunction":14,"lastStatement":16,"seen":{"f:4:16:4:Infinity":0,"s:7:2:7:Infinity":0,"f:10:16:10:Infinity":1,"s:13:2:13:Infinity":1,"f:16:16:16:Infinity":2,"s:19:2:19:Infinity":2,"f:22:16:22:Infinity":3,"s:25:2:27:Infinity":3,"b:26:4:26:Infinity:27:4:27:Infinity":0,"f:31:16:31:Infinity":4,"s:34:2:36:Infinity":4,"b:35:4:35:Infinity:36:4:36:Infinity":1,"f:40:16:40:Infinity":5,"s:43:2:43:Infinity":5,"f:46:16:46:Infinity":6,"s:49:2:51:Infinity":6,"b:50:4:50:Infinity:51:4:51:Infinity":2,"f:55:16:55:Infinity":7,"s:58:2:60:Infinity":7,"b:59:4:59:Infinity:60:4:60:Infinity":3,"f:64:16:64:Infinity":8,"s:68:2:70:Infinity":8,"b:69:4:69:Infinity:70:5:70:26:70:26:70:Infinity":4,"f:74:16:74:Infinity":9,"s:78:2:81:Infinity":9,"b:79:5:79:Infinity:80:6:80:Infinity:81:4:81:Infinity":5,"f:85:16:85:Infinity":10,"s:88:2:88:Infinity":10,"f:91:16:91:Infinity":11,"s:97:2:100:Infinity":11,"b:98:4:98:Infinity:99:4:99:Infinity:100:4:100:Infinity":6,"f:104:16:104:Infinity":12,"s:111:4:113:Infinity":12,"b:111:4:111:Infinity:112:4:112:Infinity:113:4:113:Infinity":7,"s:116:4:117:Infinity":13,"b:116:4:116:Infinity:117:4:117:Infinity":8,"s:119:2:121:Infinity":14,"b:120:4:120:Infinity:121:4:121:Infinity":9,"f:125:16:125:Infinity":13,"s:130:2:133:Infinity":15,"b:131:4:131:Infinity:132:4:132:Infinity:133:4:133:Infinity":10},"fnNames":{}}}
,"C:\\Users\\TharinduGodage\\Front-End Dev\\deskline\\src\\shared\\mappers\\errorMapper.ts": {"path":"C:\\Users\\TharinduGodage\\Front-End Dev\\deskline\\src\\shared\\mappers\\errorMapper.ts","statementMap":{"0":{"start":{"line":9,"column":2},"end":{"line":51,"column":null}},"1":{"start":{"line":11,"column":6},"end":{"line":15,"column":null}},"2":{"start":{"line":18,"column":6},"end":{"line":22,"column":null}},"3":{"start":{"line":25,"column":6},"end":{"line":29,"column":null}},"4":{"start":{"line":32,"column":6},"end":{"line":36,"column":null}},"5":{"start":{"line":39,"column":6},"end":{"line":43,"column":null}},"6":{"start":{"line":46,"column":6},"end":{"line":50,"column":null}}},"fnMap":{"0":{"name":"mapStatusCodeToError","decl":{"start":{"line":6,"column":16},"end":{"line":6,"column":null}},"loc":{"start":{"line":8,"column":13},"end":{"line":52,"column":null}},"line":8}},"branchMap":{"0":{"loc":{"start":{"line":9,"column":2},"end":{"line":51,"column":null}},"type":"switch","locations":[{"start":{"line":10,"column":4},"end":{"line":15,"column":null}},{"start":{"line":17,"column":4},"end":{"line":22,"column":null}},{"start":{"line":24,"column":4},"end":{"line":29,"column":null}},{"start":{"line":31,"column":4},"end":{"line":36,"column":null}},{"start":{"line":38,"column":4},"end":{"line":43,"column":null}},{"start":{"line":45,"column":4},"end":{"line":50,"column":null}}],"line":9}},"s":{"0":7,"1":1,"2":1,"3":1,"4":1,"5":1,"6":2},"f":{"0":7},"b":{"0":[1,1,1,1,1,2]},"meta":{"lastBranch":1,"lastFunction":1,"lastStatement":7,"seen":{"f:6:16:6:Infinity":0,"b:10:4:15:Infinity:17:4:22:Infinity:24:4:29:Infinity:31:4:36:Infinity:38:4:43:Infinity:45:4:50:Infinity":0,"s:9:2:51:Infinity":0,"s:11:6:15:Infinity":1,"s:18:6:22:Infinity":2,"s:25:6:29:Infinity":3,"s:32:6:36:Infinity":4,"s:39:6:43:Infinity":5,"s:46:6:50:Infinity":6},"fnNames":{}}}
,"C:\\Users\\TharinduGodage\\Front-End Dev\\deskline\\src\\shared\\types\\filters.ts": {"path":"C:\\Users\\TharinduGodage\\Front-End Dev\\deskline\\src\\shared\\types\\filters.ts","statementMap":{"0":{"start":{"line":20,"column":47},"end":{"line":26,"column":null}},"1":{"start":{"line":28,"column":51},"end":{"line":33,"column":null}},"2":{"start":{"line":35,"column":51},"end":{"line":41,"column":null}},"3":{"start":{"line":43,"column":55},"end":{"line":49,"column":null}}},"fnMap":{},"branchMap":{},"s":{"0":1,"1":1,"2":1,"3":1},"f":{},"b":{},"meta":{"lastBranch":0,"lastFunction":0,"lastStatement":4,"seen":{"s:20:47:26:Infinity":0,"s:28:51:33:Infinity":1,"s:35:51:41:Infinity":2,"s:43:55:49:Infinity":3},"fnNames":{}}}
,"C:\\Users\\TharinduGodage\\Front-End Dev\\deskline\\src\\shared\\types\\index.ts": {"path":"C:\\Users\\TharinduGodage\\Front-End Dev\\deskline\\src\\shared\\types\\index.ts","statementMap":{},"fnMap":{},"branchMap":{},"s":{},"f":{},"b":{},"meta":{"lastBranch":0,"lastFunction":0,"lastStatement":0,"seen":{},"fnNames":{}}}
,"C:\\Users\\TharinduGodage\\Front-End Dev\\deskline\\src\\shared\\types\\message.ts": {"path":"C:\\Users\\TharinduGodage\\Front-End Dev\\deskline\\src\\shared\\types\\message.ts","statementMap":{},"fnMap":{},"branchMap":{},"s":{},"f":{},"b":{},"meta":{"lastBranch":0,"lastFunction":0,"lastStatement":0,"seen":{},"fnNames":{}}}
,"C:\\Users\\TharinduGodage\\Front-End Dev\\deskline\\src\\shared\\types\\request.ts": {"path":"C:\\Users\\TharinduGodage\\Front-End Dev\\deskline\\src\\shared\\types\\request.ts","statementMap":{},"fnMap":{},"branchMap":{},"s":{},"f":{},"b":{},"meta":{"lastBranch":0,"lastFunction":0,"lastStatement":0,"seen":{},"fnNames":{}}}
,"C:\\Users\\TharinduGodage\\Front-End Dev\\deskline\\src\\shared\\types\\user.ts": {"path":"C:\\Users\\TharinduGodage\\Front-End Dev\\deskline\\src\\shared\\types\\user.ts","statementMap":{},"fnMap":{},"branchMap":{},"s":{},"f":{},"b":{},"meta":{"lastBranch":0,"lastFunction":0,"lastStatement":0,"seen":{},"fnNames":{}}}
}
